2022-05-05 12:45:12,394|session.py|URL: https://api.powerbi.com/v1.0/myorg/reports
2022-05-05 12:45:12,732|session.py|{
    "error_code": 401,
    "response_url": "https://api.powerbi.com/v1.0/myorg/reports",
    "response_body": "",
    "response_request": {
        "Authorization": "Bearer XXXXXXX",
        "Content-Type": "application/json",
        "Content-Length": "2"
    },
    "response_method": "GET"
}
2022-05-05 12:46:08,998|session.py|URL: https://api.powerbi.com/v1.0/myorg/reports
2022-05-05 12:46:09,588|session.py|{
    "error_code": 401,
    "response_url": "https://api.powerbi.com/v1.0/myorg/reports",
    "response_body": "",
    "response_request": {
        "Authorization": "Bearer XXXXXXX",
        "Content-Type": "application/json",
        "Content-Length": "2"
    },
    "response_method": "GET"
}
2022-05-05 13:27:00,200|session.py|URL: https://api.powerbi.com/v1.0/myorg/reports
2022-05-05 13:27:00,625|session.py|{
    "error_code": 401,
    "response_url": "https://api.powerbi.com/v1.0/myorg/reports",
    "response_body": "",
    "response_request": {
        "Authorization": "Bearer XXXXXXX",
        "Content-Type": "application/json",
        "Content-Length": "2"
    },
    "response_method": "GET"
}
2022-05-05 13:27:30,640|session.py|URL: https://api.powerbi.com/v1.0/myorg/reports
2022-05-05 13:27:31,271|session.py|{
    "error_code": 401,
    "response_url": "https://api.powerbi.com/v1.0/myorg/reports",
    "response_body": "",
    "response_request": {
        "Authorization": "Bearer XXXXXXX",
        "Content-Type": "application/json",
        "Content-Length": "2"
    },
    "response_method": "GET"
}
2022-05-05 13:35:22,081|session.py|URL: https://api.powerbi.com/v1.0/myorg/reports
2022-05-05 13:35:22,648|session.py|{
    "error_code": 401,
    "response_url": "https://api.powerbi.com/v1.0/myorg/reports",
    "response_body": "",
    "response_request": {
        "Authorization": "Bearer XXXXXXX",
        "Content-Type": "application/json",
        "Content-Length": "2"
    },
    "response_method": "GET"
}
